{"C:\\Users\\Smruti Sakre\\Desktop\\Namaste react\\src\\components\\Sum.js": {"path":"C:\\Users\\Smruti Sakre\\Desktop\\Namaste react\\src\\components\\Sum.js","statementMap":{"0":{"start":{"line":1,"column":19},"end":{"line":4,"column":1}},"1":{"start":{"line":3,"column":4},"end":{"line":3,"column":18}}},"fnMap":{"0":{"name":"(anonymous_0)","decl":{"start":{"line":1,"column":19},"end":{"line":1,"column":20}},"loc":{"start":{"line":1,"column":28},"end":{"line":4,"column":1}},"line":1}},"branchMap":{},"s":{"0":1,"1":1},"f":{"0":1},"b":{},"_coverageSchema":"1a1c01bbd47fc00a2c39e90264f33305004495a9","hash":"ebc40ccad33f15cedd3a9211e3678bfbff90b848"}
}
